Input Notebook:  GGNN_model.ipynb
Output Notebook: run_out_HIV/GGNN_tune1_out1.ipynb
Executing:   0%|          | 0/2 [00:00<?, ?cell/s]Executing notebook with kernel: python3
Kernel died while waiting for execute reply.
Executing:  50%|█████     | 1/2 [57:14:33<57:14:33, 206073.65s/cell]Executing:  50%|█████     | 1/2 [57:14:33<57:14:33, 206073.66s/cell]
Traceback (most recent call last):
  File "/home/ubuntu/miniconda3/envs/gnn_project/lib/python3.10/site-packages/papermill/cli.py", line 235, in papermill
    execute_notebook(
  File "/home/ubuntu/miniconda3/envs/gnn_project/lib/python3.10/site-packages/papermill/execute.py", line 116, in execute_notebook
    nb = papermill_engines.execute_notebook_with_engine(
  File "/home/ubuntu/miniconda3/envs/gnn_project/lib/python3.10/site-packages/papermill/engines.py", line 48, in execute_notebook_with_engine
    return self.get_engine(engine_name).execute_notebook(nb, kernel_name, **kwargs)
  File "/home/ubuntu/miniconda3/envs/gnn_project/lib/python3.10/site-packages/papermill/engines.py", line 370, in execute_notebook
    cls.execute_managed_notebook(nb_man, kernel_name, log_output=log_output, **kwargs)
  File "/home/ubuntu/miniconda3/envs/gnn_project/lib/python3.10/site-packages/papermill/engines.py", line 442, in execute_managed_notebook
    return PapermillNotebookClient(nb_man, **final_kwargs).execute()
  File "/home/ubuntu/miniconda3/envs/gnn_project/lib/python3.10/site-packages/papermill/clientwrap.py", line 45, in execute
    self.papermill_execute_cells()
  File "/home/ubuntu/miniconda3/envs/gnn_project/lib/python3.10/site-packages/papermill/clientwrap.py", line 72, in papermill_execute_cells
    self.execute_cell(cell, index)
  File "/home/ubuntu/miniconda3/envs/gnn_project/lib/python3.10/site-packages/jupyter_core/utils/__init__.py", line 165, in wrapped
    return loop.run_until_complete(inner)
  File "/home/ubuntu/miniconda3/envs/gnn_project/lib/python3.10/asyncio/base_events.py", line 649, in run_until_complete
    return future.result()
  File "/home/ubuntu/miniconda3/envs/gnn_project/lib/python3.10/site-packages/nbclient/client.py", line 1009, in async_execute_cell
    raise DeadKernelError("Kernel died") from None
nbclient.exceptions.DeadKernelError: Kernel died
